<?xml version="1.0" encoding="UTF-8"?>
<!-- Generated by org.testng.reporters.JUnitReportReporter -->
<testsuite hostname="Kapil" failures="0" tests="2" name="Learning.Testing.configeproperty" time="0.007" errors="0" timestamp="2024-06-05T19:49:23 EDT" skipped="1">
  <testcase classname="Learning.Testing.configeproperty" name="main" time="0.007"/>
  <system-out/>
  <testcase classname="Learning.Testing.configeproperty" name="test">
    <skipped/>
  </testcase> <!-- test -->
  <system-out/>
</testsuite> <!-- Learning.Testing.configeproperty -->
