<?xml version="1.0" encoding="UTF-8"?>
<!-- Generated by org.testng.reporters.JUnitReportReporter -->
<testsuite hostname="Kapil" failures="0" tests="3" name="Learning.Testing.File_Upload" time="36.036" errors="0" timestamp="2024-06-13T12:46:40 EDT" skipped="2">
  <testcase classname="Learning.Testing.File_Upload" name="test1" time="36.036"/>
  <system-out/>
  <testcase classname="Learning.Testing.File_Upload" name="test">
    <skipped/>
  </testcase> <!-- test -->
  <system-out/>
  <testcase classname="Learning.Testing.File_Upload" name="test2">
    <skipped/>
  </testcase> <!-- test2 -->
  <system-out/>
</testsuite> <!-- Learning.Testing.File_Upload -->
