<?xml version="1.0" encoding="UTF-8"?>
<!-- Generated by org.testng.reporters.JUnitReportReporter -->
<testsuite hostname="Kapil" failures="0" tests="2" name="BatchTesting.PeymentTest" time="0.004" errors="0" timestamp="2024-05-26T11:02:34 EDT" skipped="0">
  <testcase classname="BatchTesting.PeymentTest" name="NetBanking" time="0.001"/>
  <system-out/>
  <testcase classname="BatchTesting.PeymentTest" name="CashOnDelivery" time="0.003"/>
  <system-out/>
</testsuite> <!-- BatchTesting.PeymentTest -->
