<?xml version="1.0" encoding="UTF-8"?>
<!-- Generated by org.testng.reporters.JUnitReportReporter -->
<testsuite hostname="Kapil" failures="0" tests="1" name="Selenium.ChromeOptions_Demo" time="10.639" errors="0" timestamp="2024-06-10T18:40:58 EDT" skipped="0">
  <testcase classname="Selenium.ChromeOptions_Demo" name="test_01" time="10.639"/>
  <system-out/>
</testsuite> <!-- Selenium.ChromeOptions_Demo -->
