<?xml version="1.0" encoding="UTF-8"?>
<!-- Generated by org.testng.reporters.JUnitReportReporter -->
<testsuite hostname="Kapil" failures="0" tests="1" name="Take_Data_from_Excel.Read_Data_From_Excel" time="9.814" errors="0" timestamp="2024-06-02T21:09:09 EDT" skipped="0">
  <testcase classname="Take_Data_from_Excel.Read_Data_From_Excel" name="test_01" time="9.814"/>
  <system-out/>
</testsuite> <!-- Take_Data_from_Excel.Read_Data_From_Excel -->
