<?xml version="1.0" encoding="UTF-8"?>
<!-- Generated by org.testng.reporters.JUnitReportReporter -->
<testsuite hostname="Kapil" failures="0" tests="1" name="Selenium.HandlingCalenders" time="18.974" errors="0" timestamp="2024-05-20T16:20:36 EDT" skipped="0">
  <testcase classname="Selenium.HandlingCalenders" name="simple_calender" time="18.974"/>
  <system-out/>
</testsuite> <!-- Selenium.HandlingCalenders -->
