<?xml version="1.0" encoding="UTF-8"?>
<!-- Generated by org.testng.reporters.JUnitReportReporter -->
<testsuite hostname="Kapil" failures="0" tests="1" name="Selenium.ScreenShots" time="19.307" errors="0" timestamp="2024-06-10T17:28:48 EDT" skipped="0">
  <testcase classname="Selenium.ScreenShots" name="test_10" time="19.307"/>
  <system-out/>
</testsuite> <!-- Selenium.ScreenShots -->
