<?xml version="1.0" encoding="UTF-8"?>
<!-- Generated by org.testng.reporters.JUnitReportReporter -->
<testsuite hostname="Kapil" failures="0" tests="3" name="Learning.Testing.Assertions" time="30.710" errors="0" timestamp="2024-05-26T13:37:26 EDT" skipped="0">
  <testcase classname="Learning.Testing.Assertions" name="test" time="18.949"/>
  <system-out/>
  <testcase classname="Learning.Testing.Assertions" name="testmethod" time="6.385"/>
  <system-out/>
  <testcase classname="Learning.Testing.Assertions" name="test5" time="5.376"/>
  <system-out/>
</testsuite> <!-- Learning.Testing.Assertions -->
