<?xml version="1.0" encoding="UTF-8"?>
<!-- Generated by org.testng.reporters.JUnitReportReporter -->
<testsuite hostname="Kapil" failures="0" tests="1" name="Selenium.HandlingCalenderPart2" time="13.201" errors="0" timestamp="2024-05-26T12:08:40 EDT" skipped="0">
  <testcase classname="Selenium.HandlingCalenderPart2" name="get_window_handle" time="13.201"/>
  <system-out/>
</testsuite> <!-- Selenium.HandlingCalenderPart2 -->
