<?xml version="1.0" encoding="UTF-8"?>
<!-- Generated by org.testng.reporters.JUnitReportReporter -->
<testsuite hostname="Kapil" failures="0" tests="2" name="Tables.Handling_Dyanamic_table" time="30.063" errors="0" timestamp="2024-05-27T11:34:29 EDT" skipped="1">
  <testcase classname="Tables.Handling_Dyanamic_table" name="handling_calenders" time="30.063"/>
  <system-out/>
  <testcase classname="Tables.Handling_Dyanamic_table" name="test_01">
    <skipped/>
  </testcase> <!-- test_01 -->
  <system-out/>
</testsuite> <!-- Tables.Handling_Dyanamic_table -->
