<?xml version="1.0" encoding="UTF-8"?>
<!-- Generated by org.testng.reporters.JUnitReportReporter -->
<testsuite hostname="Kapil" failures="0" tests="1" name="Selenium.Handle_shadow_dom" time="4.940" errors="0" timestamp="2024-06-10T19:50:30 EDT" skipped="0">
  <testcase classname="Selenium.Handle_shadow_dom" name="test_01" time="4.940"/>
  <system-out/>
</testsuite> <!-- Selenium.Handle_shadow_dom -->
