<?xml version="1.0" encoding="UTF-8"?>
<!-- Generated by org.testng.reporters.JUnitReportReporter -->
<testsuite hostname="Kapil" failures="0" tests="2" name="Selenium.Handling_Dyanamic_table" time="31.834" errors="0" timestamp="2024-05-25T15:49:25 EDT" skipped="1">
  <testcase classname="Selenium.Handling_Dyanamic_table" name="handling_calenders" time="31.834"/>
  <system-out/>
  <testcase classname="Selenium.Handling_Dyanamic_table" name="test_01">
    <skipped/>
  </testcase> <!-- test_01 -->
  <system-out/>
</testsuite> <!-- Selenium.Handling_Dyanamic_table -->
