<?xml version="1.0" encoding="UTF-8"?>
<!-- Generated by org.testng.reporters.JUnitReportReporter -->
<testsuite hostname="Kapil" failures="0" tests="1" name="Learning.Testing.Handle_Slider" time="9.824" errors="0" timestamp="2024-05-27T11:39:55 EDT" skipped="0">
  <testcase classname="Learning.Testing.Handle_Slider" name="slider" time="9.824"/>
  <system-out/>
</testsuite> <!-- Learning.Testing.Handle_Slider -->
