<?xml version="1.0" encoding="UTF-8"?>
<!-- Generated by org.testng.reporters.JUnitReportReporter -->
<testsuite hostname="Kapil" failures="0" tests="6" name="HASHMAP.Array_Dupliaction" time="0.018" errors="0" timestamp="2024-05-27T11:55:05 EDT" skipped="0">
  <testcase classname="HASHMAP.Array_Dupliaction" name="HashMap" time="0.002"/>
  <system-out/>
  <testcase classname="HASHMAP.Array_Dupliaction" name="test" time="0.001"/>
  <system-out/>
  <testcase classname="HASHMAP.Array_Dupliaction" name="test1" time="0.003"/>
  <system-out/>
  <testcase classname="HASHMAP.Array_Dupliaction" name="Brut_Force" time="0.009"/>
  <system-out/>
  <testcase classname="HASHMAP.Array_Dupliaction" name="split" time="0.002"/>
  <system-out/>
  <testcase classname="HASHMAP.Array_Dupliaction" name="HashSet" time="0.001"/>
  <system-out/>
</testsuite> <!-- HASHMAP.Array_Dupliaction -->
