<?xml version="1.0" encoding="UTF-8"?>
<!-- Generated by org.testng.reporters.JUnitReportReporter -->
<testsuite hostname="Kapil" failures="0" tests="1" name="Shadow_Dom.Nested_Shadow" time="8.791" errors="0" timestamp="2024-06-10T20:30:20 EDT" skipped="0">
  <testcase classname="Shadow_Dom.Nested_Shadow" name="test_02" time="8.791"/>
  <system-out/>
</testsuite> <!-- Shadow_Dom.Nested_Shadow -->
