<?xml version="1.0" encoding="UTF-8"?>
<!-- Generated by org.testng.reporters.JUnitReportReporter -->
<testsuite hostname="Kapil" failures="0" tests="1" name="Selenium.handle_svg_elements" time="21.338" errors="0" timestamp="2024-06-12T17:38:29 EDT" skipped="0">
  <testcase classname="Selenium.handle_svg_elements" name="test_02" time="21.338"/>
  <system-out/>
</testsuite> <!-- Selenium.handle_svg_elements -->
