<?xml version="1.0" encoding="UTF-8"?>
<!-- Generated by org.testng.reporters.JUnitReportReporter -->
<testsuite hostname="Kapil" failures="0" tests="1" name="Selenium.JavaScriptExecutor_demo" time="7.263" errors="0" timestamp="2024-06-10T19:30:57 EDT" skipped="0">
  <testcase classname="Selenium.JavaScriptExecutor_demo" name="handling_shadow_DOM" time="7.263"/>
  <system-out/>
</testsuite> <!-- Selenium.JavaScriptExecutor_demo -->
