<?xml version="1.0" encoding="UTF-8"?>
<!-- Generated by org.testng.reporters.JUnitReportReporter -->
<testsuite hostname="Kapil" failures="0" tests="1" name="Read_Data_From_Json.TestClass" time="13.092" errors="0" timestamp="2024-06-02T21:04:06 EDT" skipped="0">
  <testcase classname="Read_Data_From_Json.TestClass" name="test_01" time="13.092"/>
  <system-out/>
</testsuite> <!-- Read_Data_From_Json.TestClass -->
