<?xml version="1.0" encoding="UTF-8"?>
<!-- Generated by org.testng.reporters.JUnitReportReporter -->
<testsuite hostname="Kapil" failures="0" tests="1" name="Calenders.HandlingCalenderPart2" time="9.952" errors="0" timestamp="2024-05-29T18:56:02 EDT" skipped="0">
  <testcase classname="Calenders.HandlingCalenderPart2" name="check_language" time="9.952"/>
  <system-out/>
</testsuite> <!-- Calenders.HandlingCalenderPart2 -->
