<?xml version="1.0" encoding="UTF-8"?>
<!-- Generated by org.testng.reporters.JUnitReportReporter -->
<testsuite hostname="Kapil" failures="0" tests="3" name="BatchTesting.HomeScreenTest" time="0.010" errors="0" timestamp="2024-05-26T11:02:34 EDT" skipped="0">
  <testcase classname="BatchTesting.HomeScreenTest" name="VerifyLogo" time="0.001"/>
  <system-out/>
  <testcase classname="BatchTesting.HomeScreenTest" name="VerifyTitle" time="0.001"/>
  <system-out/>
  <testcase classname="BatchTesting.HomeScreenTest" name="LaunchApplication" time="0.008"/>
  <system-out/>
</testsuite> <!-- BatchTesting.HomeScreenTest -->
