<?xml version="1.0" encoding="UTF-8"?>
<!-- Generated by org.testng.reporters.JUnitReportReporter -->
<testsuite hostname="Kapil" failures="0" tests="4" name="Ecommerce_Framework.Login_page" time="19.982" errors="0" timestamp="2024-06-17T16:50:28 EDT" skipped="3">
  <testcase classname="Ecommerce_Framework.Login_page" name="apply_for_leave" time="19.982"/>
  <system-out/>
  <testcase classname="Ecommerce_Framework.Login_page" name="test_logout">
    <skipped/>
  </testcase> <!-- test_logout -->
  <system-out/>
  <testcase classname="Ecommerce_Framework.Login_page" name="login_invalid_credentials">
    <skipped/>
  </testcase> <!-- login_invalid_credentials -->
  <system-out/>
  <testcase classname="Ecommerce_Framework.Login_page" name="login_valid_credentials">
    <skipped/>
  </testcase> <!-- login_valid_credentials -->
  <system-out/>
</testsuite> <!-- Ecommerce_Framework.Login_page -->
