<?xml version="1.0" encoding="UTF-8"?>
<!-- Generated by org.testng.reporters.JUnitReportReporter -->
<testsuite hostname="Kapil" failures="0" tests="2" name="BlazeDemo.PracticeTable" time="10.815" errors="0" timestamp="2024-06-05T20:11:17 EDT" skipped="0">
  <testcase classname="BlazeDemo.PracticeTable" name="test_01" time="4.876"/>
  <system-out/>
  <testcase classname="BlazeDemo.PracticeTable" name="test_02" time="5.939"/>
  <system-out/>
</testsuite> <!-- BlazeDemo.PracticeTable -->
