<?xml version="1.0" encoding="UTF-8"?>
<!-- Generated by org.testng.reporters.JUnitReportReporter -->
<testsuite hostname="Kapil" failures="0" tests="1" name="Shadow_Dom.Handle_shadow_dom" time="5.637" errors="0" timestamp="2024-06-10T20:23:42 EDT" skipped="0">
  <testcase classname="Shadow_Dom.Handle_shadow_dom" name="test_01" time="5.637"/>
  <system-out/>
</testsuite> <!-- Shadow_Dom.Handle_shadow_dom -->
