<?xml version="1.0" encoding="UTF-8"?>
<!-- Generated by org.testng.reporters.JUnitReportReporter -->
<testsuite hostname="Kapil" failures="0" tests="1" name="Selenium.ssl_certificate" time="14.407" errors="0" timestamp="2024-06-10T18:00:58 EDT" skipped="0">
  <testcase classname="Selenium.ssl_certificate" name="test_01" time="14.407"/>
  <system-out/>
</testsuite> <!-- Selenium.ssl_certificate -->
