<?xml version="1.0" encoding="UTF-8"?>
<!-- Generated by org.testng.reporters.JUnitReportReporter -->
<testsuite hostname="Kapil" failures="0" tests="3" name="BatchTesting.ProductPageTest" time="0.003" errors="0" timestamp="2024-05-26T11:02:34 EDT" skipped="0">
  <testcase classname="BatchTesting.ProductPageTest" name="AddProductToCart" time="0.001"/>
  <system-out/>
  <testcase classname="BatchTesting.ProductPageTest" name="AddProductToWishList" time="0.001"/>
  <system-out/>
  <testcase classname="BatchTesting.ProductPageTest" name="SelectQuantiy" time="0.001"/>
  <system-out/>
</testsuite> <!-- BatchTesting.ProductPageTest -->
