<?xml version="1.0" encoding="UTF-8"?>
<!-- Generated by org.testng.reporters.JUnitReportReporter -->
<testsuite hostname="Kapil" failures="0" tests="2" name="Calenders.Handling_calender" time="30.861" errors="0" timestamp="2024-06-05T20:20:55 EDT" skipped="1">
  <testcase classname="Calenders.Handling_calender" name="handling_calenders" time="30.861"/>
  <system-out/>
  <testcase classname="Calenders.Handling_calender" name="test_01">
    <skipped/>
  </testcase> <!-- test_01 -->
  <system-out/>
</testsuite> <!-- Calenders.Handling_calender -->
