<?xml version="1.0" encoding="UTF-8"?>
<!-- Generated by org.testng.reporters.JUnitReportReporter -->
<testsuite hostname="Kapil" failures="0" tests="1" name="Selenium.E2E_Testing" time="24.872" errors="0" timestamp="2024-06-13T20:20:36 EDT" skipped="0">
  <testcase classname="Selenium.E2E_Testing" name="test_01" time="24.872"/>
  <system-out/>
</testsuite> <!-- Selenium.E2E_Testing -->
